[1mdiff --git a/src/handler/TripHandler.java b/src/handler/TripHandler.java[m
[1mindex 1d5bcf2..2745591 100644[m
[1m--- a/src/handler/TripHandler.java[m
[1m+++ b/src/handler/TripHandler.java[m
[36m@@ -354,6 +354,7 @@[m [mpublic class TripHandler extends JPanel implements ActionListener, KeyListener,[m
 	public void loadTaxis(){[m
 		[m
 	taxiList = DAOTaxi.getAllDataElements("Taxi");	[m
[32m+[m	[32mtaxiNames = new Object[taxiList.size()];[m
 	for (int i=0; i<taxiList.size();i++) taxiNames[i] = taxiList.get(i).getName();[m
 	}[m
 	[m
[1mdiff --git a/target/classes/META-INF/maven/Transportliste/Transportliste/pom.properties b/target/classes/META-INF/maven/Transportliste/Transportliste/pom.properties[m
[1mindex 0c3dfe1..bbf4fb7 100644[m
[1m--- a/target/classes/META-INF/maven/Transportliste/Transportliste/pom.properties[m
[1m+++ b/target/classes/META-INF/maven/Transportliste/Transportliste/pom.properties[m
[36m@@ -1,5 +1,5 @@[m
 #Generated by Maven Integration for Eclipse[m
[31m-#Thu Apr 17 18:31:04 CEST 2014[m
[32m+[m[32m#Wed May 07 16:06:32 CEST 2014[m
 version=0.0.1-SNAPSHOT[m
 groupId=Transportliste[m
 m2e.projectName=Transportliste[m
[1mdiff --git a/target/classes/View/Embedded$1.class b/target/classes/View/Embedded$1.class[m
[1mdeleted file mode 100644[m
[1mindex c7a8930..0000000[m
Binary files a/target/classes/View/Embedded$1.class and /dev/null differ
[1mdiff --git a/target/classes/View/Embedded.class b/target/classes/View/Embedded.class[m
[1mindex 508cd38..58b8647 100644[m
Binary files a/target/classes/View/Embedded.class and b/target/classes/View/Embedded.class differ
[1mdiff --git a/target/classes/handler/TripHandler$1.class b/target/classes/handler/TripHandler$1.class[m
[1mindex 1976845..d6a4f86 100644[m
Binary files a/target/classes/handler/TripHandler$1.class and b/target/classes/handler/TripHandler$1.class differ
[1mdiff --git a/target/classes/handler/TripHandler$2.class b/target/classes/handler/TripHandler$2.class[m
[1mindex a25f700..b898721 100644[m
Binary files a/target/classes/handler/TripHandler$2.class and b/target/classes/handler/TripHandler$2.class differ
[1mdiff --git a/target/classes/handler/TripHandler.class b/target/classes/handler/TripHandler.class[m
[1mindex e951bea..e9fa753 100644[m
Binary files a/target/classes/handler/TripHandler.class and b/target/classes/handler/TripHandler.class differ
[1mdiff --git a/target/classes/handler/Wagen.class b/target/classes/handler/Wagen.class[m
[1mindex 676188d..62732de 100644[m
Binary files a/target/classes/handler/Wagen.class and b/target/classes/handler/Wagen.class differ
